<?xml version="1.0" encoding="UTF-8"?>
<!-- Generated by org.testng.reporters.JUnitReportReporter -->
<testsuite hostname="LAPTOP-Q0AMV9NF" failures="0" tests="1" name="com.qa.testscripts.TC_NetMeds_001" time="13.959" errors="0" timestamp="2022-07-15T09:42:26 IST" skipped="0">
  <testcase classname="com.qa.testscripts.TC_NetMeds_001" name="SearchItem" time="13.959"/>
  <system-out>
    <![CDATA[The user is Landed on the NetMeds Home Page
The default pincode 110002 is displayed
Search item is typed
Page related to item is loaded
Items loaded are related to search item
Order details added to the cart is displayed]]>
  </system-out>
</testsuite> <!-- com.qa.testscripts.TC_NetMeds_001 -->
