<?xml version="1.0" encoding="UTF-8"?>
<!-- Generated by org.testng.reporters.JUnitReportReporter -->
<testsuite hostname="LAPTOP-Q0AMV9NF" failures="0" tests="7" name="com.qa.testscripts.TC_NetMeds_004" time="73.916" errors="0" timestamp="2022-06-30T11:00:19 IST" skipped="0">
  <testcase classname="com.qa.testscripts.TC_NetMeds_004" name="isAddToCartPopUpDisplayed" time="16.444"/>
  <system-out>
    <![CDATA[Order details added to the card is displayed
Order details added to the card is displayed]]>
  </system-out>
  <testcase classname="com.qa.testscripts.TC_NetMeds_004" name="categorySelection" time="10.911"/>
  <system-out>
    <![CDATA[Category name is  typed
Searched category name Multi-Vitamins check box is selected]]>
  </system-out>
  <testcase classname="com.qa.testscripts.TC_NetMeds_004" name="CartPage" time="5.922"/>
  <system-out>
    <![CDATA[The user is navigated to the cart page
The product added to the cart is present in the cart page]]>
  </system-out>
  <testcase classname="com.qa.testscripts.TC_NetMeds_004" name="AvailabilityCheckBoxSelected" time="6.325"/>
  <system-out>
    <![CDATA[Exclude out of stock check box selected]]>
  </system-out>
  <testcase classname="com.qa.testscripts.TC_NetMeds_004" name="FilterActivities" time="7.997"/>
  <system-out>
    <![CDATA[The user is Landed on the NetMed Home Page
The user is navigated to the Fitness Page
The user is navigated to the Vitamins and Suplements Page]]>
  </system-out>
  <testcase classname="com.qa.testscripts.TC_NetMeds_004" name="clickTheManufacturer" time="15.445"/>
  <system-out>
    <![CDATA[Both Manufacturer check boxes selected]]>
  </system-out>
  <testcase classname="com.qa.testscripts.TC_NetMeds_004" name="categorySelection" time="10.872"/>
  <system-out>
    <![CDATA[Category name is  typed
Searched category Calcium check box is selected]]>
  </system-out>
</testsuite> <!-- com.qa.testscripts.TC_NetMeds_004 -->
